{"/Users/wassupsong/nestjs-study/src/app.controller.ts": {"path":"/Users/wassupsong/nestjs-study/src/app.controller.ts","statementMap":{"0":{"start":{"line":1,"column":0},"end":{"line":1,"column":49}},"1":{"start":{"line":4,"column":7},"end":{"line":9,"column":null}},"2":{"start":{"line":7,"column":4},"end":{"line":7,"column":37}},"3":{"start":{"line":4,"column":13},"end":{"line":4,"column":26}},"4":{"start":{"line":6,"column":2},"end":{"line":8,"column":null}},"5":{"start":{"line":4,"column":13},"end":{"line":9,"column":null}}},"fnMap":{"0":{"name":"(anonymous_2)","decl":{"start":{"line":6,"column":2},"end":{"line":6,"column":6}},"loc":{"start":{"line":6,"column":6},"end":{"line":8,"column":3}}}},"branchMap":{},"s":{"0":0,"1":0,"2":0,"3":0,"4":0,"5":0},"f":{"0":0},"b":{}}
,"/Users/wassupsong/nestjs-study/src/app.module.ts": {"path":"/Users/wassupsong/nestjs-study/src/app.module.ts","statementMap":{"0":{"start":{"line":1,"column":0},"end":{"line":1,"column":40}},"1":{"start":{"line":2,"column":0},"end":{"line":2,"column":54}},"2":{"start":{"line":3,"column":0},"end":{"line":3,"column":49}},"3":{"start":{"line":10,"column":7},"end":{"line":10,"column":null}},"4":{"start":{"line":10,"column":13},"end":{"line":10,"column":22}},"5":{"start":{"line":10,"column":13},"end":{"line":10,"column":null}}},"fnMap":{},"branchMap":{},"s":{"0":0,"1":0,"2":0,"3":0,"4":0,"5":0},"f":{},"b":{}}
,"/Users/wassupsong/nestjs-study/src/main.ts": {"path":"/Users/wassupsong/nestjs-study/src/main.ts","statementMap":{"0":{"start":{"line":1,"column":0},"end":{"line":1,"column":43}},"1":{"start":{"line":2,"column":0},"end":{"line":2,"column":41}},"2":{"start":{"line":3,"column":0},"end":{"line":3,"column":48}},"3":{"start":{"line":6,"column":14},"end":{"line":6,"column":49}},"4":{"start":{"line":7,"column":2},"end":{"line":13,"column":4}},"5":{"start":{"line":14,"column":2},"end":{"line":14,"column":25}},"6":{"start":{"line":16,"column":0},"end":{"line":16,"column":12}}},"fnMap":{"0":{"name":"bootstrap","decl":{"start":{"line":5,"column":15},"end":{"line":5,"column":24}},"loc":{"start":{"line":5,"column":24},"end":{"line":15,"column":1}}}},"branchMap":{},"s":{"0":0,"1":0,"2":0,"3":0,"4":0,"5":0,"6":0},"f":{"0":0},"b":{}}
,"/Users/wassupsong/nestjs-study/src/movies/movies.controller.ts": {"path":"/Users/wassupsong/nestjs-study/src/movies/movies.controller.ts","statementMap":{"0":{"start":{"line":1,"column":0},"end":{"line":1,"column":95}},"1":{"start":{"line":2,"column":0},"end":{"line":2,"column":49}},"2":{"start":{"line":4,"column":0},"end":{"line":4,"column":56}},"3":{"start":{"line":5,"column":0},"end":{"line":5,"column":56}},"4":{"start":{"line":8,"column":7},"end":{"line":40,"column":null}},"5":{"start":{"line":9,"column":31},"end":{"line":9,"column":46}},"6":{"start":{"line":13,"column":4},"end":{"line":13,"column":39}},"7":{"start":{"line":18,"column":4},"end":{"line":18,"column":null}},"8":{"start":{"line":23,"column":4},"end":{"line":23,"column":46}},"9":{"start":{"line":28,"column":4},"end":{"line":28,"column":48}},"10":{"start":{"line":33,"column":4},"end":{"line":33,"column":49}},"11":{"start":{"line":38,"column":4},"end":{"line":38,"column":null}},"12":{"start":{"line":8,"column":13},"end":{"line":8,"column":29}},"13":{"start":{"line":12,"column":2},"end":{"line":14,"column":null}},"14":{"start":{"line":17,"column":2},"end":{"line":19,"column":null}},"15":{"start":{"line":22,"column":2},"end":{"line":24,"column":null}},"16":{"start":{"line":27,"column":2},"end":{"line":29,"column":null}},"17":{"start":{"line":32,"column":2},"end":{"line":34,"column":null}},"18":{"start":{"line":37,"column":2},"end":{"line":39,"column":null}},"19":{"start":{"line":8,"column":13},"end":{"line":40,"column":null}}},"fnMap":{"0":{"name":"(anonymous_4)","decl":{"start":{"line":9,"column":2},"end":{"line":9,"column":31}},"loc":{"start":{"line":9,"column":59},"end":{"line":9,"column":62}}},"1":{"name":"(anonymous_5)","decl":{"start":{"line":12,"column":2},"end":{"line":12,"column":8}},"loc":{"start":{"line":12,"column":8},"end":{"line":14,"column":3}}},"2":{"name":"(anonymous_6)","decl":{"start":{"line":17,"column":2},"end":{"line":17,"column":8}},"loc":{"start":{"line":17,"column":45},"end":{"line":19,"column":3}}},"3":{"name":"(anonymous_7)","decl":{"start":{"line":22,"column":2},"end":{"line":22,"column":8}},"loc":{"start":{"line":22,"column":37},"end":{"line":24,"column":3}}},"4":{"name":"(anonymous_8)","decl":{"start":{"line":27,"column":2},"end":{"line":27,"column":8}},"loc":{"start":{"line":27,"column":42},"end":{"line":29,"column":3}}},"5":{"name":"(anonymous_9)","decl":{"start":{"line":32,"column":2},"end":{"line":32,"column":8}},"loc":{"start":{"line":32,"column":37},"end":{"line":34,"column":3}}},"6":{"name":"(anonymous_10)","decl":{"start":{"line":37,"column":2},"end":{"line":37,"column":7}},"loc":{"start":{"line":37,"column":72},"end":{"line":39,"column":3}}}},"branchMap":{},"s":{"0":0,"1":0,"2":0,"3":0,"4":0,"5":0,"6":0,"7":0,"8":0,"9":0,"10":0,"11":0,"12":0,"13":0,"14":0,"15":0,"16":0,"17":0,"18":0,"19":0},"f":{"0":0,"1":0,"2":0,"3":0,"4":0,"5":0,"6":0},"b":{}}
,"/Users/wassupsong/nestjs-study/src/movies/movies.module.ts": {"path":"/Users/wassupsong/nestjs-study/src/movies/movies.module.ts","statementMap":{"0":{"start":{"line":1,"column":0},"end":{"line":1,"column":40}},"1":{"start":{"line":2,"column":0},"end":{"line":2,"column":55}},"2":{"start":{"line":3,"column":0},"end":{"line":3,"column":49}},"3":{"start":{"line":9,"column":7},"end":{"line":9,"column":null}},"4":{"start":{"line":9,"column":13},"end":{"line":9,"column":25}},"5":{"start":{"line":9,"column":13},"end":{"line":9,"column":null}}},"fnMap":{},"branchMap":{},"s":{"0":0,"1":0,"2":0,"3":0,"4":0,"5":0},"f":{},"b":{}}
,"/Users/wassupsong/nestjs-study/src/movies/movies.service.ts": {"path":"/Users/wassupsong/nestjs-study/src/movies/movies.service.ts","statementMap":{"0":{"start":{"line":1,"column":0},"end":{"line":1,"column":63}},"1":{"start":{"line":7,"column":7},"end":{"line":44,"column":null}},"2":{"start":{"line":8,"column":10},"end":{"line":8,"column":31}},"3":{"start":{"line":11,"column":4},"end":{"line":11,"column":23}},"4":{"start":{"line":15,"column":18},"end":{"line":15,"column":60}},"5":{"start":{"line":15,"column":44},"end":{"line":15,"column":59}},"6":{"start":{"line":16,"column":4},"end":{"line":18,"column":5}},"7":{"start":{"line":17,"column":6},"end":{"line":17,"column":67}},"8":{"start":{"line":19,"column":4},"end":{"line":19,"column":17}},"9":{"start":{"line":23,"column":4},"end":{"line":23,"column":null}},"10":{"start":{"line":24,"column":4},"end":{"line":24,"column":64}},"11":{"start":{"line":24,"column":46},"end":{"line":24,"column":62}},"12":{"start":{"line":28,"column":4},"end":{"line":31,"column":null}},"13":{"start":{"line":32,"column":4},"end":{"line":32,"column":23}},"14":{"start":{"line":36,"column":18},"end":{"line":36,"column":33}},"15":{"start":{"line":37,"column":4},"end":{"line":37,"column":23}},"16":{"start":{"line":38,"column":4},"end":{"line":41,"column":null}},"17":{"start":{"line":7,"column":13},"end":{"line":7,"column":26}},"18":{"start":{"line":7,"column":13},"end":{"line":44,"column":null}}},"fnMap":{"0":{"name":"(anonymous_1)","decl":{"start":{"line":7,"column":7},"end":{"line":7,"column":13}},"loc":{"start":{"line":7,"column":7},"end":{"line":44,"column":1}}},"1":{"name":"(anonymous_2)","decl":{"start":{"line":10,"column":2},"end":{"line":10,"column":8}},"loc":{"start":{"line":10,"column":8},"end":{"line":12,"column":3}}},"2":{"name":"(anonymous_3)","decl":{"start":{"line":14,"column":2},"end":{"line":14,"column":8}},"loc":{"start":{"line":14,"column":19},"end":{"line":20,"column":3}}},"3":{"name":"(anonymous_4)","decl":{"start":{"line":15,"column":35},"end":{"line":15,"column":40}},"loc":{"start":{"line":15,"column":44},"end":{"line":15,"column":59}}},"4":{"name":"(anonymous_5)","decl":{"start":{"line":22,"column":2},"end":{"line":22,"column":11}},"loc":{"start":{"line":22,"column":22},"end":{"line":25,"column":3}}},"5":{"name":"(anonymous_6)","decl":{"start":{"line":24,"column":37},"end":{"line":24,"column":42}},"loc":{"start":{"line":24,"column":46},"end":{"line":24,"column":62}}},"6":{"name":"(anonymous_7)","decl":{"start":{"line":27,"column":2},"end":{"line":27,"column":8}},"loc":{"start":{"line":27,"column":34},"end":{"line":33,"column":3}}},"7":{"name":"(anonymous_8)","decl":{"start":{"line":35,"column":2},"end":{"line":35,"column":8}},"loc":{"start":{"line":35,"column":47},"end":{"line":43,"column":3}}}},"branchMap":{"0":{"loc":{"start":{"line":16,"column":4},"end":{"line":18,"column":5}},"type":"if","locations":[{"start":{"line":16,"column":4},"end":{"line":18,"column":5}}]}},"s":{"0":1,"1":1,"2":9,"3":5,"4":8,"5":5,"6":8,"7":3,"8":5,"9":3,"10":2,"11":2,"12":4,"13":4,"14":2,"15":1,"16":1,"17":1,"18":1},"f":{"0":9,"1":5,"2":8,"3":5,"4":3,"5":2,"6":4,"7":2},"b":{"0":[3]}}
,"/Users/wassupsong/nestjs-study/src/movies/dto/create-movie.dto.ts": {"path":"/Users/wassupsong/nestjs-study/src/movies/dto/create-movie.dto.ts","statementMap":{"0":{"start":{"line":1,"column":0},"end":{"line":1,"column":65}},"1":{"start":{"line":3,"column":0},"end":{"line":3,"column":13}},"2":{"start":{"line":5,"column":11},"end":{"line":5,"column":null}},"3":{"start":{"line":8,"column":11},"end":{"line":8,"column":null}},"4":{"start":{"line":12,"column":11},"end":{"line":12,"column":null}}},"fnMap":{},"branchMap":{},"s":{"0":0,"1":0,"2":0,"3":0,"4":0},"f":{},"b":{}}
,"/Users/wassupsong/nestjs-study/src/movies/dto/update-movie.dto.ts": {"path":"/Users/wassupsong/nestjs-study/src/movies/dto/update-movie.dto.ts","statementMap":{"0":{"start":{"line":2,"column":0},"end":{"line":2,"column":52}},"1":{"start":{"line":3,"column":0},"end":{"line":3,"column":51}},"2":{"start":{"line":5,"column":0},"end":{"line":5,"column":13}}},"fnMap":{},"branchMap":{},"s":{"0":0,"1":0,"2":0},"f":{},"b":{}}
,"/Users/wassupsong/nestjs-study/src/movies/entities/movie.entity.ts": {"path":"/Users/wassupsong/nestjs-study/src/movies/entities/movie.entity.ts","statementMap":{"0":{"start":{"line":1,"column":0},"end":{"line":1,"column":13}}},"fnMap":{},"branchMap":{},"s":{"0":0},"f":{},"b":{}}
}
